[debug] [2023-02-15T12:45:10.427Z] ----------------------------------------------------------------------
[debug] [2023-02-15T12:45:10.430Z] Command:       C:\Program Files\nodejs\node.exe C:\Users\user\AppData\Roaming\npm\node_modules\firebase-tools\lib\bin\firebase.js init
[debug] [2023-02-15T12:45:10.431Z] CLI Version:   11.22.0
[debug] [2023-02-15T12:45:10.431Z] Platform:      win32
[debug] [2023-02-15T12:45:10.431Z] Node Version:  v17.0.1
[debug] [2023-02-15T12:45:10.433Z] Time:          Wed Feb 15 2023 18:15:10 GMT+0530 (India Standard Time)
[debug] [2023-02-15T12:45:10.434Z] ----------------------------------------------------------------------
[debug] 
[debug] [2023-02-15T12:45:10.613Z] > command requires scopes: ["email","openid","https://www.googleapis.com/auth/cloudplatformprojects.readonly","https://www.googleapis.com/auth/firebase","https://www.googleapis.com/auth/cloud-platform"]
[debug] [2023-02-15T12:45:10.614Z] > authorizing via signed-in user (harshagrawal310702@gmail.com)
[info] 
     ######## #### ########  ######## ########     ###     ######  ########
     ##        ##  ##     ## ##       ##     ##  ##   ##  ##       ##
     ######    ##  ########  ######   ########  #########  ######  ######
     ##        ##  ##    ##  ##       ##     ## ##     ##       ## ##
     ##       #### ##     ## ######## ########  ##     ##  ######  ########

You're about to initialize a Firebase project in this directory:

  C:\Users\user\Desktop\amazon-clone

Before we get started, keep in mind:

  * You are initializing within an existing Firebase project directory

[debug] [2023-02-15T12:46:22.906Z] ----------------------------------------------------------------------
[debug] [2023-02-15T12:46:22.908Z] Command:       C:\Program Files\nodejs\node.exe C:\Users\user\AppData\Roaming\npm\node_modules\firebase-tools\lib\bin\firebase.js init hosting
[debug] [2023-02-15T12:46:22.909Z] CLI Version:   11.22.0
[debug] [2023-02-15T12:46:22.909Z] Platform:      win32
[debug] [2023-02-15T12:46:22.909Z] Node Version:  v17.0.1
[debug] [2023-02-15T12:46:22.911Z] Time:          Wed Feb 15 2023 18:16:22 GMT+0530 (India Standard Time)
[debug] [2023-02-15T12:46:22.911Z] ----------------------------------------------------------------------
[debug] 
[debug] [2023-02-15T12:46:23.034Z] > command requires scopes: ["email","openid","https://www.googleapis.com/auth/cloudplatformprojects.readonly","https://www.googleapis.com/auth/firebase","https://www.googleapis.com/auth/cloud-platform"]
[debug] [2023-02-15T12:46:23.034Z] > authorizing via signed-in user (harshagrawal310702@gmail.com)
[info] 
     ######## #### ########  ######## ########     ###     ######  ########
     ##        ##  ##     ## ##       ##     ##  ##   ##  ##       ##
     ######    ##  ########  ######   ########  #########  ######  ######
     ##        ##  ##    ##  ##       ##     ## ##     ##       ## ##
     ##       #### ##     ## ######## ########  ##     ##  ######  ########

You're about to initialize a Firebase project in this directory:

  C:\Users\user\Desktop\amazon-clone

Before we get started, keep in mind:

  * You are initializing within an existing Firebase project directory

[info] 
=== Project Setup
[info] 
[info] First, let's associate this project directory with a Firebase project.
[info] You can create multiple project aliases by running firebase use --add, 
[info] but for now we'll just set up a default project.
[info] 
[debug] [2023-02-15T12:46:24.747Z] Using project from CLI flag: challenge-394dc
[debug] [2023-02-15T12:46:24.752Z] >>> [apiv2][query] GET https://firebase.googleapis.com/v1beta1/projects/challenge-394dc [none]
[debug] [2023-02-15T12:46:25.543Z] <<< [apiv2][status] GET https://firebase.googleapis.com/v1beta1/projects/challenge-394dc 200
[debug] [2023-02-15T12:46:25.544Z] <<< [apiv2][body] GET https://firebase.googleapis.com/v1beta1/projects/challenge-394dc {"projectId":"challenge-394dc","projectNumber":"760720852593","displayName":"Amazon-challenge","name":"projects/challenge-394dc","resources":{"hostingSite":"challenge-394dc"},"state":"ACTIVE","etag":"1_f060394a-e810-4335-b838-5fc3387ce88e"}
[info] i  Using project challenge-394dc (Amazon-challenge) 
[info] 
=== Hosting Setup
[info] 
[info] Your public directory is the folder (relative to your project directory) that
[info] will contain Hosting assets to be uploaded with firebase deploy. If you
[info] have a build process for your assets, use your build's output directory.
[info] 
